Using pre-set license
Built from '2020.3/staging' branch; Version is '2020.3.17f1 (a4537701e4ab) revision 10769271'; Using compiler version '192528614'; Build Type 'Release'
OS: 'Windows 10 Pro; OS build 19043.1288; Version 2009; 64bit' Language: 'ko' Physical Memory: 16309 MB
BatchMode: 1, IsHumanControllingUs: 0, StartBugReporterOnCrash: 0, Is64bit: 1, IsPro: 0

COMMAND LINE ARGUMENTS:
C:\Program Files\Unity\Hub\Editor\2020.3.17f1\Editor\Unity.exe
-adb2
-batchMode
-noUpm
-name
AssetImportWorker0
-projectPath
C:/Users/양지훈/Desktop/GEA
-logFile
Logs/AssetImportWorker0.log
-srvPort
6442
Successfully changed project path to: C:/Users/양지훈/Desktop/GEA
C:/Users/양지훈/Desktop/GEA
Using Asset Import Pipeline V2.
Refreshing native plugins compatible for Editor in 42.63 ms, found 2 plugins.
Preloading 0 native plugins for Editor in 0.00 ms.
Initialize engine version: 2020.3.17f1 (a4537701e4ab)
[Subsystems] Discovering subsystems at path C:/Program Files/Unity/Hub/Editor/2020.3.17f1/Editor/Data/Resources/UnitySubsystems
[Subsystems] Discovering subsystems at path C:/Users/양지훈/Desktop/GEA/Assets
GfxDevice: creating device client; threaded=0
Direct3D:
    Version:  Direct3D 11.0 [level 11.1]
    Renderer: NVIDIA GeForce GTX 1070 (ID=0x1b81)
    Vendor:   
    VRAM:     8088 MB
    Driver:   30.0.14.7212
Initialize mono
Mono path[0] = 'C:/Program Files/Unity/Hub/Editor/2020.3.17f1/Editor/Data/Managed'
Mono path[1] = 'C:/Program Files/Unity/Hub/Editor/2020.3.17f1/Editor/Data/MonoBleedingEdge/lib/mono/unityjit'
Mono config path = 'C:/Program Files/Unity/Hub/Editor/2020.3.17f1/Editor/Data/MonoBleedingEdge/etc'
Using monoOptions --debugger-agent=transport=dt_socket,embedding=1,server=y,suspend=n,address=127.0.0.1:56932
Begin MonoManager ReloadAssembly
Registering precompiled unity dll's ...
Register platform support module: C:/Program Files/Unity/Hub/Editor/2020.3.17f1/Editor/Data/PlaybackEngines/WindowsStandaloneSupport/UnityEditor.WindowsStandalone.Extensions.dll
Registered in 0.001323 seconds.
Native extension for WindowsStandalone target not found
Refreshing native plugins compatible for Editor in 42.35 ms, found 2 plugins.
Preloading 0 native plugins for Editor in 0.00 ms.
Mono: successfully reloaded assembly
- Completed reload, in  1.238 seconds
Domain Reload Profiling:
	ReloadAssembly (1239ms)
		BeginReloadAssembly (37ms)
			ExecutionOrderSort (0ms)
			DisableScriptedObjects (0ms)
			BackupInstance (0ms)
			ReleaseScriptingObjects (0ms)
			CreateAndSetChildDomain (1ms)
		EndReloadAssembly (289ms)
			LoadAssemblies (35ms)
			RebuildTransferFunctionScriptingTraits (0ms)
			SetupTypeCache (91ms)
			ReleaseScriptCaches (0ms)
			RebuildScriptCaches (19ms)
			SetupLoadedEditorAssemblies (128ms)
				LogAssemblyErrors (0ms)
				InitializePlatformSupportModulesInManaged (3ms)
				SetLoadedEditorAssemblies (0ms)
				RefreshPlugins (42ms)
				BeforeProcessingInitializeOnLoad (10ms)
				ProcessInitializeOnLoadAttributes (53ms)
				ProcessInitializeOnLoadMethodAttributes (19ms)
				AfterProcessingInitializeOnLoad (0ms)
				EditorAssembliesLoaded (0ms)
			ExecutionOrderSort2 (0ms)
			AwakeInstancesAfterBackupRestoration (0ms)
Platform modules already initialized, skipping
Registering precompiled user dll's ...
Registered in 0.002628 seconds.
Begin MonoManager ReloadAssembly
Native extension for WindowsStandalone target not found
Refreshing native plugins compatible for Editor in 0.68 ms, found 2 plugins.
Preloading 0 native plugins for Editor in 0.00 ms.
Mono: successfully reloaded assembly
- Completed reload, in  0.693 seconds
Domain Reload Profiling:
	ReloadAssembly (694ms)
		BeginReloadAssembly (93ms)
			ExecutionOrderSort (0ms)
			DisableScriptedObjects (3ms)
			BackupInstance (0ms)
			ReleaseScriptingObjects (0ms)
			CreateAndSetChildDomain (15ms)
		EndReloadAssembly (559ms)
			LoadAssemblies (56ms)
			RebuildTransferFunctionScriptingTraits (0ms)
			SetupTypeCache (164ms)
			ReleaseScriptCaches (0ms)
			RebuildScriptCaches (26ms)
			SetupLoadedEditorAssemblies (257ms)
				LogAssemblyErrors (0ms)
				InitializePlatformSupportModulesInManaged (4ms)
				SetLoadedEditorAssemblies (0ms)
				RefreshPlugins (1ms)
				BeforeProcessingInitializeOnLoad (60ms)
				ProcessInitializeOnLoadAttributes (184ms)
				ProcessInitializeOnLoadMethodAttributes (3ms)
				AfterProcessingInitializeOnLoad (4ms)
				EditorAssembliesLoaded (0ms)
			ExecutionOrderSort2 (0ms)
			AwakeInstancesAfterBackupRestoration (4ms)
Platform modules already initialized, skipping
========================================================================
Worker process is ready to serve import requests
Launched and connected shader compiler UnityShaderCompiler.exe after 0.04 seconds
Refreshing native plugins compatible for Editor in 1.41 ms, found 2 plugins.
Preloading 0 native plugins for Editor in 0.00 ms.
Unloading 1414 Unused Serialized files (Serialized files now loaded: 0)
System memory in use before: 83.5 MB.
System memory in use after: 83.5 MB.

Unloading 18 unused Assets to reduce memory usage. Loaded Objects now: 1865.
Total: 2.801000 ms (FindLiveObjects: 0.142500 ms CreateObjectMapping: 0.067000 ms MarkObjects: 2.517100 ms  DeleteObjects: 0.073700 ms)

AssetImportParameters requested are different than current active one (requested -> active):
  custom:framework-win-MediaFoundation: 216162199b28c13a410421893ffa2e32 -> 
  custom:video-decoder-ogg-theora: a1e56fd34408186e4bbccfd4996cb3dc -> 
  custom:container-muxer-webm: aa71ff27fc2769a1b78a27578f13a17b -> 
  custom:container-demuxer-webm: 4f35f7cbe854078d1ac9338744f61a02 -> 
  custom:container-demuxer-ogg: 62fdf1f143b41e24485cea50d1cbac27 -> 
  custom:video-encoder-webm-vp8: eb34c28f22e8b96e1ab97ce403110664 -> 
  custom:video-decoder-webm-vp8: 9c59270c3fd7afecdb556c50c9e8de78 -> 
  custom:audio-decoder-ogg-vorbis: bf7c407c2cedff20999df2af8eb42d56 -> 
  custom:audio-encoder-webm-vorbis: bf7c407c2cedff20999df2af8eb42d56 -> 
========================================================================
Received Import Request.
  path: Assets/PolygonFantasyRivals/Materials/Alts/FantasyRivals_04_D.mat
  artifactKey: Guid(16952bd17b1b70346b80a924c7f9bac2) Importer(815301076,1909f56bfc062723c751e8b465ee728b)
Start importing Assets/PolygonFantasyRivals/Materials/Alts/FantasyRivals_04_D.mat using Guid(16952bd17b1b70346b80a924c7f9bac2) Importer(815301076,1909f56bfc062723c751e8b465ee728b)  -> (artifact id: '3070a3dc260c3e67065ab5cfd5534eb8') in 0.092788 seconds 
  Import took 0.095526 seconds .

========================================================================
Received Import Request.
  Time since last request: 0.000162 seconds.
  path: Assets/PolygonFantasyRivals/Materials/Alts/FantasyRivals_02_B.mat
  artifactKey: Guid(ba598f8b718657f4c840aa35858f65e5) Importer(815301076,1909f56bfc062723c751e8b465ee728b)
Start importing Assets/PolygonFantasyRivals/Materials/Alts/FantasyRivals_02_B.mat using Guid(ba598f8b718657f4c840aa35858f65e5) Importer(815301076,1909f56bfc062723c751e8b465ee728b)  -> (artifact id: 'c182289d9d42da6ba4d05824b8978ffa') in 0.021853 seconds 
  Import took 0.023979 seconds .

========================================================================
Received Import Request.
  Time since last request: 0.000151 seconds.
  path: Assets/PolygonFantasyRivals/Materials/Alts/FantasyRivals_02_D.mat
  artifactKey: Guid(f827453077651d2439c9afab3123a9f4) Importer(815301076,1909f56bfc062723c751e8b465ee728b)
Start importing Assets/PolygonFantasyRivals/Materials/Alts/FantasyRivals_02_D.mat using Guid(f827453077651d2439c9afab3123a9f4) Importer(815301076,1909f56bfc062723c751e8b465ee728b)  -> (artifact id: '165e34be74895aababae48de261d4957') in 0.020147 seconds 
  Import took 0.022228 seconds .

========================================================================
Received Import Request.
  Time since last request: 0.000177 seconds.
  path: Assets/PolygonFantasyRivals/Materials/Alts/FantasyRivals_01_D.mat
  artifactKey: Guid(25e01712a1f68ef48a57dea7551cd8a4) Importer(815301076,1909f56bfc062723c751e8b465ee728b)
Start importing Assets/PolygonFantasyRivals/Materials/Alts/FantasyRivals_01_D.mat using Guid(25e01712a1f68ef48a57dea7551cd8a4) Importer(815301076,1909f56bfc062723c751e8b465ee728b)  -> (artifact id: '1e83f50e6d0325f39b35b6f94f8d7461') in 0.017750 seconds 
  Import took 0.020387 seconds .

========================================================================
Received Import Request.
  Time since last request: 0.000177 seconds.
  path: Assets/PolygonFantasyRivals/Materials/Alts/FantasyRivals_03_B.mat
  artifactKey: Guid(8489c763c4b233c4396c53479de34c7c) Importer(815301076,1909f56bfc062723c751e8b465ee728b)
Start importing Assets/PolygonFantasyRivals/Materials/Alts/FantasyRivals_03_B.mat using Guid(8489c763c4b233c4396c53479de34c7c) Importer(815301076,1909f56bfc062723c751e8b465ee728b)  -> (artifact id: '7ec29e3e5688150a66a35c4e667302c6') in 0.021418 seconds 
  Import took 0.023745 seconds .

========================================================================
Received Import Request.
  Time since last request: 0.000149 seconds.
  path: Assets/PolygonFantasyRivals/Materials/Alts/FantasyRivals_02_C.mat
  artifactKey: Guid(e1258431c04b0d9449fe033851ba9ef7) Importer(815301076,1909f56bfc062723c751e8b465ee728b)
Start importing Assets/PolygonFantasyRivals/Materials/Alts/FantasyRivals_02_C.mat using Guid(e1258431c04b0d9449fe033851ba9ef7) Importer(815301076,1909f56bfc062723c751e8b465ee728b)  -> (artifact id: 'fec36b12acde7e1cd90b870ef5047bfc') in 0.018186 seconds 
  Import took 0.020259 seconds .

========================================================================
Received Import Request.
  Time since last request: 0.000140 seconds.
  path: Assets/PolygonFantasyRivals/Materials/Alts/FantasyRivals_01_B.mat
  artifactKey: Guid(b5b4c9a60b8ddf94e9882df9f54296d2) Importer(815301076,1909f56bfc062723c751e8b465ee728b)
Start importing Assets/PolygonFantasyRivals/Materials/Alts/FantasyRivals_01_B.mat using Guid(b5b4c9a60b8ddf94e9882df9f54296d2) Importer(815301076,1909f56bfc062723c751e8b465ee728b)  -> (artifact id: '5d07f51e56cf47f80fe3c441a8e28d5a') in 0.017381 seconds 
  Import took 0.019743 seconds .

========================================================================
Received Import Request.
  Time since last request: 0.000148 seconds.
  path: Assets/PolygonFantasyRivals/Materials/Alts/FantasyRivals_04_B.mat
  artifactKey: Guid(71af01d024a08ba43a3ffe477ac9402a) Importer(815301076,1909f56bfc062723c751e8b465ee728b)
Start importing Assets/PolygonFantasyRivals/Materials/Alts/FantasyRivals_04_B.mat using Guid(71af01d024a08ba43a3ffe477ac9402a) Importer(815301076,1909f56bfc062723c751e8b465ee728b)  -> (artifact id: '3b6715104f64dae9a754d529cf192305') in 0.018154 seconds 
  Import took 0.020453 seconds .

========================================================================
Received Import Request.
  Time since last request: 0.000149 seconds.
  path: Assets/PolygonFantasyRivals/Materials/Alts/FantasyRivals_03_D.mat
  artifactKey: Guid(b406b530e4642e247840710040530bb1) Importer(815301076,1909f56bfc062723c751e8b465ee728b)
Start importing Assets/PolygonFantasyRivals/Materials/Alts/FantasyRivals_03_D.mat using Guid(b406b530e4642e247840710040530bb1) Importer(815301076,1909f56bfc062723c751e8b465ee728b)  -> (artifact id: '73795caddadb92c4f96657aecc8459b7') in 0.019050 seconds 
  Import took 0.021181 seconds .

========================================================================
Received Import Request.
  Time since last request: 0.000144 seconds.
  path: Assets/PolygonFantasyRivals/Materials/Alts/FantasyRivals_04_C.mat
  artifactKey: Guid(549c7e494b673714db1911b6b82d5b2f) Importer(815301076,1909f56bfc062723c751e8b465ee728b)
Start importing Assets/PolygonFantasyRivals/Materials/Alts/FantasyRivals_04_C.mat using Guid(549c7e494b673714db1911b6b82d5b2f) Importer(815301076,1909f56bfc062723c751e8b465ee728b)  -> (artifact id: '1135a67b56aa3a86c073830c68914a27') in 0.018991 seconds 
  Import took 0.021205 seconds .

========================================================================
Received Import Request.
  Time since last request: 0.000147 seconds.
  path: Assets/PolygonFantasyRivals/Materials/Alts/FantasyRivals_03_C.mat
  artifactKey: Guid(812036f620754c34aa91753182721f3e) Importer(815301076,1909f56bfc062723c751e8b465ee728b)
Start importing Assets/PolygonFantasyRivals/Materials/Alts/FantasyRivals_03_C.mat using Guid(812036f620754c34aa91753182721f3e) Importer(815301076,1909f56bfc062723c751e8b465ee728b)  -> (artifact id: '86b0f2ca447fa39e654d4ebc9425d160') in 0.019179 seconds 
  Import took 0.021096 seconds .

========================================================================
Received Import Request.
  Time since last request: 0.000150 seconds.
  path: Assets/PolygonFantasyRivals/Materials/Alts/FantasyRivals_01_C.mat
  artifactKey: Guid(d4faeff94cff2794a82d1a9a3b9d4e02) Importer(815301076,1909f56bfc062723c751e8b465ee728b)
Start importing Assets/PolygonFantasyRivals/Materials/Alts/FantasyRivals_01_C.mat using Guid(d4faeff94cff2794a82d1a9a3b9d4e02) Importer(815301076,1909f56bfc062723c751e8b465ee728b)  -> (artifact id: '5aad1853717c596e3f0c8cfba6cfabcb') in 0.017442 seconds 
  Import took 0.019561 seconds .

========================================================================
Received Import Request.
  Time since last request: 18.159852 seconds.
  path: Assets/Animation/GolemAnim.controller
  artifactKey: Guid(8f2b3096cf000784bbd4263530dd5f17) Importer(815301076,1909f56bfc062723c751e8b465ee728b)
Start importing Assets/Animation/GolemAnim.controller using Guid(8f2b3096cf000784bbd4263530dd5f17) Importer(815301076,1909f56bfc062723c751e8b465ee728b)  -> (artifact id: '7e971434840f43f803079703844352d6') in 0.010387 seconds 
  Import took 0.013184 seconds .

========================================================================
Received Prepare
Registering precompiled user dll's ...
Registered in 0.002807 seconds.
Begin MonoManager ReloadAssembly
Native extension for WindowsStandalone target not found
Refreshing native plugins compatible for Editor in 0.69 ms, found 2 plugins.
Preloading 0 native plugins for Editor in 0.00 ms.
Mono: successfully reloaded assembly
- Completed reload, in  0.681 seconds
Domain Reload Profiling:
	ReloadAssembly (681ms)
		BeginReloadAssembly (86ms)
			ExecutionOrderSort (0ms)
			DisableScriptedObjects (4ms)
			BackupInstance (0ms)
			ReleaseScriptingObjects (0ms)
			CreateAndSetChildDomain (27ms)
		EndReloadAssembly (553ms)
			LoadAssemblies (55ms)
			RebuildTransferFunctionScriptingTraits (0ms)
			SetupTypeCache (171ms)
			ReleaseScriptCaches (1ms)
			RebuildScriptCaches (22ms)
			SetupLoadedEditorAssemblies (246ms)
				LogAssemblyErrors (0ms)
				InitializePlatformSupportModulesInManaged (3ms)
				SetLoadedEditorAssemblies (0ms)
				RefreshPlugins (1ms)
				BeforeProcessingInitializeOnLoad (55ms)
				ProcessInitializeOnLoadAttributes (179ms)
				ProcessInitializeOnLoadMethodAttributes (3ms)
				AfterProcessingInitializeOnLoad (4ms)
				EditorAssembliesLoaded (0ms)
			ExecutionOrderSort2 (0ms)
			AwakeInstancesAfterBackupRestoration (4ms)
Platform modules already initialized, skipping
Refreshing native plugins compatible for Editor in 0.90 ms, found 2 plugins.
Preloading 0 native plugins for Editor in 0.00 ms.
Unloading 1396 Unused Serialized files (Serialized files now loaded: 0)
System memory in use before: 85.4 MB.
System memory in use after: 85.6 MB.

Unloading 13 unused Assets to reduce memory usage. Loaded Objects now: 1907.
Total: 2.736800 ms (FindLiveObjects: 0.109100 ms CreateObjectMapping: 0.033700 ms MarkObjects: 2.579500 ms  DeleteObjects: 0.013400 ms)

AssetImportParameters requested are different than current active one (requested -> active):
  custom:framework-win-MediaFoundation: 216162199b28c13a410421893ffa2e32 -> 
  custom:video-decoder-ogg-theora: a1e56fd34408186e4bbccfd4996cb3dc -> 
  custom:container-muxer-webm: aa71ff27fc2769a1b78a27578f13a17b -> 
  custom:container-demuxer-webm: 4f35f7cbe854078d1ac9338744f61a02 -> 
  custom:container-demuxer-ogg: 62fdf1f143b41e24485cea50d1cbac27 -> 
  custom:video-encoder-webm-vp8: eb34c28f22e8b96e1ab97ce403110664 -> 
  custom:video-decoder-webm-vp8: 9c59270c3fd7afecdb556c50c9e8de78 -> 
  custom:audio-decoder-ogg-vorbis: bf7c407c2cedff20999df2af8eb42d56 -> 
  custom:audio-encoder-webm-vorbis: bf7c407c2cedff20999df2af8eb42d56 -> 
========================================================================
Received Import Request.
  Time since last request: 111.727214 seconds.
  path: Assets/PolygonDungeon/Textures/Misc/Dungeons_Crystal_Metallic.tif
  artifactKey: Guid(b8d8f0f13772c374d8d6354900c44e30) Importer(815301076,1909f56bfc062723c751e8b465ee728b)
Start importing Assets/PolygonDungeon/Textures/Misc/Dungeons_Crystal_Metallic.tif using Guid(b8d8f0f13772c374d8d6354900c44e30) Importer(815301076,1909f56bfc062723c751e8b465ee728b)  -> (artifact id: 'b7fb0e9b1b662e880faa23f27b5d1cee') in 0.034162 seconds 
  Import took 0.037116 seconds .

========================================================================
Received Import Request.
  Time since last request: 0.000165 seconds.
  path: Assets/PolygonDungeon/Prefabs/FX/FX_Trap_FlameHead_Fire.prefab
  artifactKey: Guid(f8356666ac1766c498d6e8a0bc3eb447) Importer(815301076,1909f56bfc062723c751e8b465ee728b)
Start importing Assets/PolygonDungeon/Prefabs/FX/FX_Trap_FlameHead_Fire.prefab using Guid(f8356666ac1766c498d6e8a0bc3eb447) Importer(815301076,1909f56bfc062723c751e8b465ee728b)  -> (artifact id: 'f493fa6c87bca6623a930995118c2db3') in 0.031263 seconds 
  Import took 0.033406 seconds .

========================================================================
Received Import Request.
  Time since last request: 0.000129 seconds.
  path: Assets/PolygonDungeon/Models/CollisionConvex/SM_Env_Wall_Tunnel_01_Convex 1.asset
  artifactKey: Guid(a87fafb686a3c1b44b077f21b0248ffe) Importer(815301076,1909f56bfc062723c751e8b465ee728b)
Start importing Assets/PolygonDungeon/Models/CollisionConvex/SM_Env_Wall_Tunnel_01_Convex 1.asset using Guid(a87fafb686a3c1b44b077f21b0248ffe) Importer(815301076,1909f56bfc062723c751e8b465ee728b)  -> (artifact id: '7f7d2d6fd46326f64fee300a168ea62f') in 0.045503 seconds 
  Import took 0.047512 seconds .

========================================================================
Received Import Request.
  Time since last request: 0.000137 seconds.
  path: Assets/PolygonDungeon/Models/CollisionConvex/SM_Env_Wood_Bridge_01_Convex.asset
  artifactKey: Guid(7d3a1e135b674b8419d4e60446e5c336) Importer(815301076,1909f56bfc062723c751e8b465ee728b)
Start importing Assets/PolygonDungeon/Models/CollisionConvex/SM_Env_Wood_Bridge_01_Convex.asset using Guid(7d3a1e135b674b8419d4e60446e5c336) Importer(815301076,1909f56bfc062723c751e8b465ee728b)  -> (artifact id: '30a603536db033ea7b78ad01505018b9') in 0.010608 seconds 
  Import took 0.012946 seconds .

========================================================================
Received Import Request.
  Time since last request: 0.000237 seconds.
  path: Assets/PolygonDungeon/Models/CollisionConvex/SM_Env_Wall_Wood_Beams_01_Convex 1.asset
  artifactKey: Guid(dba4cd37f6e155744848f6755c0f2ee0) Importer(815301076,1909f56bfc062723c751e8b465ee728b)
Start importing Assets/PolygonDungeon/Models/CollisionConvex/SM_Env_Wall_Wood_Beams_01_Convex 1.asset using Guid(dba4cd37f6e155744848f6755c0f2ee0) Importer(815301076,1909f56bfc062723c751e8b465ee728b)  -> (artifact id: 'e495aea3ac043ad397c44b738216d659') in 0.022510 seconds 
  Import took 0.025554 seconds .

========================================================================
Received Import Request.
  Time since last request: 0.000325 seconds.
  path: Assets/PolygonDungeon/Models/CollisionConvex/SM_Env_Wall_Rock_Blocked_01_Convex.asset
  artifactKey: Guid(27b5800f8d5f94e44b3156427a38f2bf) Importer(815301076,1909f56bfc062723c751e8b465ee728b)
Start importing Assets/PolygonDungeon/Models/CollisionConvex/SM_Env_Wall_Rock_Blocked_01_Convex.asset using Guid(27b5800f8d5f94e44b3156427a38f2bf) Importer(815301076,1909f56bfc062723c751e8b465ee728b)  -> (artifact id: '1ecadede3b36fdc60463b8926ee87be9') in 0.013008 seconds 
  Import took 0.015601 seconds .

========================================================================
Received Import Request.
  Time since last request: 0.000140 seconds.
  path: Assets/PolygonDungeon/Models/CollisionConvex/SM_Env_Wall_Round_01_Convex.asset
  artifactKey: Guid(bbf6b05ef9be3ad4dab1b2376c776ab1) Importer(815301076,1909f56bfc062723c751e8b465ee728b)
Start importing Assets/PolygonDungeon/Models/CollisionConvex/SM_Env_Wall_Round_01_Convex.asset using Guid(bbf6b05ef9be3ad4dab1b2376c776ab1) Importer(815301076,1909f56bfc062723c751e8b465ee728b)  -> (artifact id: '297470ed5f67080ec9a9883d986e4553') in 0.010063 seconds 
  Import took 0.012407 seconds .

========================================================================
Received Import Request.
  Time since last request: 0.000133 seconds.
  path: Assets/PolygonDungeon/Models/CollisionConvex/SM_Env_Wall_Fireplace_Alcove_01_Convex.asset
  artifactKey: Guid(c72a78e421cf9e645ad7477d6bf88874) Importer(815301076,1909f56bfc062723c751e8b465ee728b)
Start importing Assets/PolygonDungeon/Models/CollisionConvex/SM_Env_Wall_Fireplace_Alcove_01_Convex.asset using Guid(c72a78e421cf9e645ad7477d6bf88874) Importer(815301076,1909f56bfc062723c751e8b465ee728b)  -> (artifact id: '1b3776255d1fb3e90abb2b82414b7e7c') in 0.011884 seconds 
  Import took 0.014099 seconds .

========================================================================
Received Import Request.
  Time since last request: 0.000152 seconds.
  path: Assets/PolygonDungeon/Models/CollisionConvex/SM_Env_Wall_Wood_Beams_01_Convex.asset
  artifactKey: Guid(7d978770587412048b363b1f038502d0) Importer(815301076,1909f56bfc062723c751e8b465ee728b)
Start importing Assets/PolygonDungeon/Models/CollisionConvex/SM_Env_Wall_Wood_Beams_01_Convex.asset using Guid(7d978770587412048b363b1f038502d0) Importer(815301076,1909f56bfc062723c751e8b465ee728b)  -> (artifact id: '512a8d0538d71258f6db3b8c36eb4a03') in 0.011731 seconds 
  Import took 0.013689 seconds .

========================================================================
Received Import Request.
  Time since last request: 0.000127 seconds.
  path: Assets/PolygonDungeon/Models/CollisionConvex/SM_Env_Wall_Tunnel_Entrance_01_Convex.asset
  artifactKey: Guid(3004e43fbb6f53241ac83d513cfb66d4) Importer(815301076,1909f56bfc062723c751e8b465ee728b)
Start importing Assets/PolygonDungeon/Models/CollisionConvex/SM_Env_Wall_Tunnel_Entrance_01_Convex.asset using Guid(3004e43fbb6f53241ac83d513cfb66d4) Importer(815301076,1909f56bfc062723c751e8b465ee728b)  -> (artifact id: 'dc4049914af176973e21ebab30c2528b') in 0.016350 seconds 
  Import took 0.018407 seconds .

========================================================================
Received Import Request.
  Time since last request: 0.000181 seconds.
  path: Assets/PolygonDungeon/Models/CollisionConvex/SM_Env_Wall_Round_01_Convex 1.asset
  artifactKey: Guid(00f0e206ca25d8a499a7d677f7e5c932) Importer(815301076,1909f56bfc062723c751e8b465ee728b)
Start importing Assets/PolygonDungeon/Models/CollisionConvex/SM_Env_Wall_Round_01_Convex 1.asset using Guid(00f0e206ca25d8a499a7d677f7e5c932) Importer(815301076,1909f56bfc062723c751e8b465ee728b)  -> (artifact id: '0ecf1e312d87b50dab9a1ceab8f33f50') in 0.009006 seconds 
  Import took 0.010987 seconds .

========================================================================
Received Import Request.
  Time since last request: 0.000121 seconds.
  path: Assets/PolygonDungeon/Models/CollisionConvex/SM_Env_Wall_Window_Bars_02_Convex.asset
  artifactKey: Guid(ed3e62e17a5f5d64ba6d3c0d2d8b5f14) Importer(815301076,1909f56bfc062723c751e8b465ee728b)
Start importing Assets/PolygonDungeon/Models/CollisionConvex/SM_Env_Wall_Window_Bars_02_Convex.asset using Guid(ed3e62e17a5f5d64ba6d3c0d2d8b5f14) Importer(815301076,1909f56bfc062723c751e8b465ee728b)  -> (artifact id: 'f6c4e56caad7f67c3f9daa43c5b832bf') in 0.010097 seconds 
  Import took 0.012245 seconds .

========================================================================
Received Import Request.
  Time since last request: 0.000139 seconds.
  path: Assets/PolygonDungeon/Models/CollisionConvex/SM_Env_Wall_Fireplace_Entrance_01_Convex.asset
  artifactKey: Guid(1f89464b48de87a49acac4e598a469b8) Importer(815301076,1909f56bfc062723c751e8b465ee728b)
Start importing Assets/PolygonDungeon/Models/CollisionConvex/SM_Env_Wall_Fireplace_Entrance_01_Convex.asset using Guid(1f89464b48de87a49acac4e598a469b8) Importer(815301076,1909f56bfc062723c751e8b465ee728b)  -> (artifact id: '144ffe94feb14ed54b5bc56390e86a02') in 0.020105 seconds 
  Import took 0.022188 seconds .

========================================================================
Received Import Request.
  Time since last request: 0.000146 seconds.
  path: Assets/PolygonDungeon/Models/CollisionConvex/SM_Env_Wall_DoorFrame_Double_Round_01_Convex 1.asset
  artifactKey: Guid(19a13a35cde389649812d31937ae9338) Importer(815301076,1909f56bfc062723c751e8b465ee728b)
Start importing Assets/PolygonDungeon/Models/CollisionConvex/SM_Env_Wall_DoorFrame_Double_Round_01_Convex 1.asset using Guid(19a13a35cde389649812d31937ae9338) Importer(815301076,1909f56bfc062723c751e8b465ee728b)  -> (artifact id: '43a3fa09d2dfed85e19b561c59e97b04') in 0.021315 seconds 
  Import took 0.023630 seconds .

========================================================================
Received Import Request.
  Time since last request: 0.000152 seconds.
  path: Assets/PolygonDungeon/Models/FX_Ring_Mesh.fbx
  artifactKey: Guid(49ca538ce209a82448b832a3d0c09ba3) Importer(815301076,1909f56bfc062723c751e8b465ee728b)
Start importing Assets/PolygonDungeon/Models/FX_Ring_Mesh.fbx using Guid(49ca538ce209a82448b832a3d0c09ba3) Importer(815301076,1909f56bfc062723c751e8b465ee728b)  -> (artifact id: 'b4d498ef382f39140d04f487fb715511') in 0.036891 seconds 
  Import took 0.039022 seconds .

========================================================================
Received Import Request.
  Time since last request: 0.000150 seconds.
  path: Assets/PolygonDungeon/Models/CollisionConvex/SM_Env_Wood_Construction_Wheel_03_Convex.asset
  artifactKey: Guid(08d373e89e64e454f8b827b90fcbcee1) Importer(815301076,1909f56bfc062723c751e8b465ee728b)
Start importing Assets/PolygonDungeon/Models/CollisionConvex/SM_Env_Wood_Construction_Wheel_03_Convex.asset using Guid(08d373e89e64e454f8b827b90fcbcee1) Importer(815301076,1909f56bfc062723c751e8b465ee728b)  -> (artifact id: '25fa79820f2fd2d8531e18996cd4717f') in 0.008151 seconds 
  Import took 0.010043 seconds .

========================================================================
Received Import Request.
  Time since last request: 0.000129 seconds.
  path: Assets/PolygonDungeon/Models/CollisionConvex/SM_Env_Wall_Tunnel_01_Convex.asset
  artifactKey: Guid(f9bb494509683ef498c6585ad2c8f6c9) Importer(815301076,1909f56bfc062723c751e8b465ee728b)
Start importing Assets/PolygonDungeon/Models/CollisionConvex/SM_Env_Wall_Tunnel_01_Convex.asset using Guid(f9bb494509683ef498c6585ad2c8f6c9) Importer(815301076,1909f56bfc062723c751e8b465ee728b)  -> (artifact id: '920b09c271ad2d5302ba68f420d4ff89') in 0.010168 seconds 
  Import took 0.012296 seconds .

========================================================================
Received Import Request.
  Time since last request: 0.000149 seconds.
  path: Assets/PolygonDungeon/Materials/Misc/FX_CandleFlame.mat
  artifactKey: Guid(169bd604eb7f4bf42bdb6c877f677c9c) Importer(815301076,1909f56bfc062723c751e8b465ee728b)
Start importing Assets/PolygonDungeon/Materials/Misc/FX_CandleFlame.mat using Guid(169bd604eb7f4bf42bdb6c877f677c9c) Importer(815301076,1909f56bfc062723c751e8b465ee728b)  -> (artifact id: 'd0ea20fbbb63194a4de92b3734e96d5a') in 0.019717 seconds 
  Import took 0.022181 seconds .

========================================================================
Received Import Request.
  Time since last request: 0.000147 seconds.
  path: Assets/PolygonFantasyRivals/Textures/FantasyRivals_Texture_Elemental_Emissive.png
  artifactKey: Guid(508e743aa78920745bdf83f9d5324eac) Importer(815301076,1909f56bfc062723c751e8b465ee728b)
Start importing Assets/PolygonFantasyRivals/Textures/FantasyRivals_Texture_Elemental_Emissive.png using Guid(508e743aa78920745bdf83f9d5324eac) Importer(815301076,1909f56bfc062723c751e8b465ee728b)  -> (artifact id: '7bb40ca5c4a4ca2d1da3904950156ae6') in 0.020105 seconds 
  Import took 0.022266 seconds .

========================================================================
Received Import Request.
  Time since last request: 0.000146 seconds.
  path: Assets/PolygonDungeon/Models/CollisionConvex/SM_Env_Wall_Pillar_Large_Round_01_Base_Convex.asset
  artifactKey: Guid(248b5800ace0dde44aa3c8d2fa98b3a1) Importer(815301076,1909f56bfc062723c751e8b465ee728b)
Start importing Assets/PolygonDungeon/Models/CollisionConvex/SM_Env_Wall_Pillar_Large_Round_01_Base_Convex.asset using Guid(248b5800ace0dde44aa3c8d2fa98b3a1) Importer(815301076,1909f56bfc062723c751e8b465ee728b)  -> (artifact id: 'ae2c966db69978a0ede99891e782b8db') in 0.008226 seconds 
  Import took 0.010137 seconds .

========================================================================
Received Import Request.
  Time since last request: 0.000175 seconds.
  path: Assets/PolygonDungeon/Models/CollisionConvex/SM_Env_Wall_DoorFrame_Round_01_Convex.asset
  artifactKey: Guid(0d6a8cd50a848a148aefe4f27d454d80) Importer(815301076,1909f56bfc062723c751e8b465ee728b)
Start importing Assets/PolygonDungeon/Models/CollisionConvex/SM_Env_Wall_DoorFrame_Round_01_Convex.asset using Guid(0d6a8cd50a848a148aefe4f27d454d80) Importer(815301076,1909f56bfc062723c751e8b465ee728b)  -> (artifact id: 'acd7135480ec41b017bb7377b4817c84') in 0.012536 seconds 
  Import took 0.014924 seconds .

========================================================================
Received Import Request.
  Time since last request: 0.000130 seconds.
  path: Assets/PolygonDungeon/Models/CollisionConvex/SM_Env_Wall_Round_01_Texture_Convex.asset
  artifactKey: Guid(73f2a24e0f776b44a84e4ed4abab7dbf) Importer(815301076,1909f56bfc062723c751e8b465ee728b)
Start importing Assets/PolygonDungeon/Models/CollisionConvex/SM_Env_Wall_Round_01_Texture_Convex.asset using Guid(73f2a24e0f776b44a84e4ed4abab7dbf) Importer(815301076,1909f56bfc062723c751e8b465ee728b)  -> (artifact id: 'efa0799b3039ca1703e322748f9e16e1') in 0.008142 seconds 
  Import took 0.010244 seconds .

========================================================================
Received Import Request.
  Time since last request: 0.000150 seconds.
  path: Assets/PolygonDungeon/Models/CollisionConvex/SM_Env_Wall_Window_Bars_01_Convex.asset
  artifactKey: Guid(8fd08400f9149ee44a05776258447722) Importer(815301076,1909f56bfc062723c751e8b465ee728b)
Start importing Assets/PolygonDungeon/Models/CollisionConvex/SM_Env_Wall_Window_Bars_01_Convex.asset using Guid(8fd08400f9149ee44a05776258447722) Importer(815301076,1909f56bfc062723c751e8b465ee728b)  -> (artifact id: 'cff45799eb858a50050cf30ef7093c44') in 0.008540 seconds 
  Import took 0.010878 seconds .

========================================================================
Received Import Request.
  Time since last request: 0.000165 seconds.
  path: Assets/PolygonDungeon/Models/CollisionConvex/SM_Env_Wall_Pillar_Large_Round_01_Convex.asset
  artifactKey: Guid(975ce77b4682c5f48b5e9f48c2e7d92b) Importer(815301076,1909f56bfc062723c751e8b465ee728b)
Start importing Assets/PolygonDungeon/Models/CollisionConvex/SM_Env_Wall_Pillar_Large_Round_01_Convex.asset using Guid(975ce77b4682c5f48b5e9f48c2e7d92b) Importer(815301076,1909f56bfc062723c751e8b465ee728b)  -> (artifact id: 'cb3a9c591b395382e904bb1a2ec79b30') in 0.009814 seconds 
  Import took 0.012115 seconds .

========================================================================
Received Import Request.
  Time since last request: 0.000148 seconds.
  path: Assets/PolygonDungeon/Models/CollisionConvex/SM_Env_Wall_Tunnel_Entrance_01_Convex 1.asset
  artifactKey: Guid(a22d6da5ba84262459cd9552bd611c7c) Importer(815301076,1909f56bfc062723c751e8b465ee728b)
Start importing Assets/PolygonDungeon/Models/CollisionConvex/SM_Env_Wall_Tunnel_Entrance_01_Convex 1.asset using Guid(a22d6da5ba84262459cd9552bd611c7c) Importer(815301076,1909f56bfc062723c751e8b465ee728b)  -> (artifact id: 'b4df16b3ecdb8fcf41e46ccde3c15d7e') in 0.015387 seconds 
  Import took 0.017467 seconds .

========================================================================
Received Prepare
Registering precompiled user dll's ...
Registered in 0.002742 seconds.
Begin MonoManager ReloadAssembly
Native extension for WindowsStandalone target not found
Refreshing native plugins compatible for Editor in 0.69 ms, found 2 plugins.
Preloading 0 native plugins for Editor in 0.00 ms.
Mono: successfully reloaded assembly
- Completed reload, in  0.688 seconds
Domain Reload Profiling:
	ReloadAssembly (688ms)
		BeginReloadAssembly (95ms)
			ExecutionOrderSort (0ms)
			DisableScriptedObjects (3ms)
			BackupInstance (0ms)
			ReleaseScriptingObjects (0ms)
			CreateAndSetChildDomain (30ms)
		EndReloadAssembly (551ms)
			LoadAssemblies (55ms)
			RebuildTransferFunctionScriptingTraits (0ms)
			SetupTypeCache (168ms)
			ReleaseScriptCaches (1ms)
			RebuildScriptCaches (22ms)
			SetupLoadedEditorAssemblies (248ms)
				LogAssemblyErrors (0ms)
				InitializePlatformSupportModulesInManaged (3ms)
				SetLoadedEditorAssemblies (0ms)
				RefreshPlugins (1ms)
				BeforeProcessingInitializeOnLoad (57ms)
				ProcessInitializeOnLoadAttributes (180ms)
				ProcessInitializeOnLoadMethodAttributes (3ms)
				AfterProcessingInitializeOnLoad (4ms)
				EditorAssembliesLoaded (0ms)
			ExecutionOrderSort2 (0ms)
			AwakeInstancesAfterBackupRestoration (4ms)
Platform modules already initialized, skipping
Refreshing native plugins compatible for Editor in 0.92 ms, found 2 plugins.
Preloading 0 native plugins for Editor in 0.00 ms.
Unloading 1396 Unused Serialized files (Serialized files now loaded: 0)
System memory in use before: 85.7 MB.
System memory in use after: 85.8 MB.

Unloading 14 unused Assets to reduce memory usage. Loaded Objects now: 1915.
Total: 2.228500 ms (FindLiveObjects: 0.123500 ms CreateObjectMapping: 0.026700 ms MarkObjects: 2.061100 ms  DeleteObjects: 0.016500 ms)

AssetImportParameters requested are different than current active one (requested -> active):
  custom:framework-win-MediaFoundation: 216162199b28c13a410421893ffa2e32 -> 
  custom:video-decoder-ogg-theora: a1e56fd34408186e4bbccfd4996cb3dc -> 
  custom:container-muxer-webm: aa71ff27fc2769a1b78a27578f13a17b -> 
  custom:container-demuxer-webm: 4f35f7cbe854078d1ac9338744f61a02 -> 
  custom:container-demuxer-ogg: 62fdf1f143b41e24485cea50d1cbac27 -> 
  custom:video-encoder-webm-vp8: eb34c28f22e8b96e1ab97ce403110664 -> 
  custom:video-decoder-webm-vp8: 9c59270c3fd7afecdb556c50c9e8de78 -> 
  custom:audio-decoder-ogg-vorbis: bf7c407c2cedff20999df2af8eb42d56 -> 
  custom:audio-encoder-webm-vorbis: bf7c407c2cedff20999df2af8eb42d56 -> 
========================================================================
Received Prepare
Registering precompiled user dll's ...
Registered in 0.003052 seconds.
Begin MonoManager ReloadAssembly
Native extension for WindowsStandalone target not found
Refreshing native plugins compatible for Editor in 0.70 ms, found 2 plugins.
Preloading 0 native plugins for Editor in 0.00 ms.
Mono: successfully reloaded assembly
- Completed reload, in  0.668 seconds
Domain Reload Profiling:
	ReloadAssembly (668ms)
		BeginReloadAssembly (81ms)
			ExecutionOrderSort (0ms)
			DisableScriptedObjects (3ms)
			BackupInstance (0ms)
			ReleaseScriptingObjects (0ms)
			CreateAndSetChildDomain (24ms)
		EndReloadAssembly (546ms)
			LoadAssemblies (55ms)
			RebuildTransferFunctionScriptingTraits (0ms)
			SetupTypeCache (161ms)
			ReleaseScriptCaches (1ms)
			RebuildScriptCaches (23ms)
			SetupLoadedEditorAssemblies (246ms)
				LogAssemblyErrors (0ms)
				InitializePlatformSupportModulesInManaged (3ms)
				SetLoadedEditorAssemblies (0ms)
				RefreshPlugins (1ms)
				BeforeProcessingInitializeOnLoad (55ms)
				ProcessInitializeOnLoadAttributes (178ms)
				ProcessInitializeOnLoadMethodAttributes (3ms)
				AfterProcessingInitializeOnLoad (5ms)
				EditorAssembliesLoaded (0ms)
			ExecutionOrderSort2 (0ms)
			AwakeInstancesAfterBackupRestoration (5ms)
Platform modules already initialized, skipping
Refreshing native plugins compatible for Editor in 1.09 ms, found 2 plugins.
Preloading 0 native plugins for Editor in 0.00 ms.
Unloading 1396 Unused Serialized files (Serialized files now loaded: 0)
System memory in use before: 85.7 MB.
System memory in use after: 85.9 MB.

Unloading 13 unused Assets to reduce memory usage. Loaded Objects now: 1917.
Total: 2.980800 ms (FindLiveObjects: 0.154500 ms CreateObjectMapping: 0.032300 ms MarkObjects: 2.776600 ms  DeleteObjects: 0.016500 ms)

AssetImportParameters requested are different than current active one (requested -> active):
  custom:framework-win-MediaFoundation: 216162199b28c13a410421893ffa2e32 -> 
  custom:video-decoder-ogg-theora: a1e56fd34408186e4bbccfd4996cb3dc -> 
  custom:container-muxer-webm: aa71ff27fc2769a1b78a27578f13a17b -> 
  custom:container-demuxer-webm: 4f35f7cbe854078d1ac9338744f61a02 -> 
  custom:container-demuxer-ogg: 62fdf1f143b41e24485cea50d1cbac27 -> 
  custom:video-encoder-webm-vp8: eb34c28f22e8b96e1ab97ce403110664 -> 
  custom:video-decoder-webm-vp8: 9c59270c3fd7afecdb556c50c9e8de78 -> 
  custom:audio-decoder-ogg-vorbis: bf7c407c2cedff20999df2af8eb42d56 -> 
  custom:audio-encoder-webm-vorbis: bf7c407c2cedff20999df2af8eb42d56 -> 
AssetImportWorkerClient::OnTransportError - code=2 error=End of file
